2025-02-17 10:43:17 - WARNING - Could not parse date from filename: logs/aggregator_2025_02_17.log, error: time data '17' does not match format '%Y_%m_%d'
2025-02-17 10:43:17 - INFO - Starting realtime resampling with timeframe: 30S
2025-02-17 10:43:18 - DEBUG - Loaded data from Redis: 100000 records
2025-02-17 10:43:18 - INFO - Processing data from position -100000
2025-02-17 10:43:18 - ERROR - Error in realtime resampling: 'stock'
2025-02-17 10:43:19 - ERROR - Redis connection error: Invalid input of type: 'int64'. Convert to a bytes, string, int or float first.
2025-02-17 10:43:19 - INFO - Processing data from position 1739763797088
2025-02-17 10:43:19 - ERROR - Error in realtime resampling: 'candleTime'
2025-02-17 10:43:20 - ERROR - Redis connection error: Invalid input of type: 'int64'. Convert to a bytes, string, int or float first.
2025-02-17 10:43:20 - INFO - Processing data from position 1739763797088
2025-02-17 10:43:20 - ERROR - Error in realtime resampling: 'candleTime'
2025-02-17 10:43:21 - ERROR - Redis connection error: Invalid input of type: 'int64'. Convert to a bytes, string, int or float first.
2025-02-17 10:43:21 - INFO - Processing data from position 1739763797088
2025-02-17 10:43:21 - ERROR - Error in realtime resampling: 'candleTime'
2025-02-17 10:43:22 - ERROR - Redis connection error: Invalid input of type: 'int64'. Convert to a bytes, string, int or float first.
2025-02-17 10:43:22 - INFO - Processing data from position 1739763797088
2025-02-17 10:43:22 - ERROR - Error in realtime resampling: 'candleTime'
2025-02-17 10:43:23 - ERROR - Redis connection error: Invalid input of type: 'int64'. Convert to a bytes, string, int or float first.
2025-02-17 10:43:23 - INFO - Processing data from position 1739763797088
2025-02-17 10:43:23 - ERROR - Error in realtime resampling: 'candleTime'
2025-02-17 10:43:24 - ERROR - Redis connection error: Invalid input of type: 'int64'. Convert to a bytes, string, int or float first.
2025-02-17 10:43:24 - INFO - Processing data from position 1739763797088
2025-02-17 10:43:24 - ERROR - Error in realtime resampling: 'candleTime'
